<?xml version="1.0" encoding="UTF-8"?>
<testng-results skipped="0" failed="0" total="1" passed="1">
  <reporter-output>
  </reporter-output>
  <suite name="Default suite" duration-ms="47384" started-at="2019-12-28T06:00:45Z" finished-at="2019-12-28T06:01:32Z">
    <groups>
    </groups>
    <test name="Default test" duration-ms="47384" started-at="2019-12-28T06:00:45Z" finished-at="2019-12-28T06:01:32Z">
      <class name="com.TestScripts.Tc_101">
        <test-method status="PASS" signature="case_101()[pri:0, instance:com.TestScripts.Tc_101@2eafffde]" name="case_101" duration-ms="47351" started-at="2019-12-28T11:30:45Z" finished-at="2019-12-28T11:31:32Z">
          <reporter-output>
          </reporter-output>
        </test-method> <!-- case_101 -->
      </class> <!-- com.TestScripts.Tc_101 -->
    </test> <!-- Default test -->
  </suite> <!-- Default suite -->
</testng-results>
